<?xml version="1.0" encoding="UTF-8"?>
<!-- Generated by org.testng.reporters.JUnitXMLReporter -->
<testsuite ignored="0" hostname="Apples-MacBook-Air.local" failures="0" tests="3" name="Submit Order Test" time="17.637" errors="0" timestamp="2024-02-20T18:28:15 IST">
  <testcase classname="sanjusanal.tests.SubmitOrderTest" name="submitOrder" time="3.775"/>
  <testcase classname="sanjusanal.tests.SubmitOrderTest" name="submitOrder" time="3.434"/>
  <testcase classname="sanjusanal.tests.SubmitOrderTest" name="OrderHistoryTest" time="0.655"/>
</testsuite> <!-- Submit Order Test -->
